# JRE version: Java(TM) SE Runtime Environment (9.0+11) (build 9.0.4+11)
# Java VM: Java HotSpot(TM) 64-Bit Server VM (9.0.4+11, mixed mode, tiered, compressed oops, g1 gc, windows-amd64)
Heap:
 garbage-first heap   total 221184K, used 124294K [0x0000000700000000, 0x00000007001006c0, 0x00000007c0000000)
  region size 1024K, 58 young (59392K), 1 survivors (1024K)
 Metaspace       used 83628K, capacity 89637K, committed 89776K, reserved 1126400K
  class space    used 11380K, capacity 12433K, committed 12464K, reserved 1048576K
GC Heap History (10 events):
Event: 549.963 GC heap before
{Heap before GC invocations=269 (full 92):
 garbage-first heap   total 221184K, used 127693K [0x0000000700000000, 0x00000007001006c0, 0x00000007c0000000)
  region size 1024K, 60 young (61440K), 0 survivors (0K)
 Metaspace       used 83557K, capacity 89573K, committed 89776K, reserved 1126400K
  class space    used 11380K, capacity 12433K, committed 12464K, reserved 1048576K
}
Event: 549.966 GC heap after
{Heap after GC invocations=270 (full 92):
 garbage-first heap   total 221184K, used 66737K [0x0000000700000000, 0x00000007001006c0, 0x00000007c0000000)
  region size 1024K, 1 young (1024K), 1 survivors (1024K)
 Metaspace       used 83557K, capacity 89573K, committed 89776K, reserved 1126400K
  class space    used 11380K, capacity 12433K, committed 12464K, reserved 1048576K
}
Event: 555.616 GC heap before
{Heap before GC invocations=270 (full 92):
 garbage-first heap   total 221184K, used 127153K [0x0000000700000000, 0x00000007001006c0, 0x00000007c0000000)
  region size 1024K, 60 young (61440K), 1 survivors (1024K)
 Metaspace       used 83574K, capacity 89573K, committed 89776K, reserved 1126400K
  class space    used 11380K, capacity 12433K, committed 12464K, reserved 1048576K
}
Event: 555.619 GC heap after
{Heap after GC invocations=271 (full 92):
 garbage-first heap   total 221184K, used 66672K [0x0000000700000000, 0x00000007001006c0, 0x00000007c0000000)
  region size 1024K, 1 young (1024K), 1 survivors (1024K)
 Metaspace       used 83574K, capacity 89573K, committed 89776K, reserved 1126400K
  class space    used 11380K, capacity 12433K, committed 12464K, reserved 1048576K
}
Event: 559.273 GC heap before
{Heap before GC invocations=271 (full 92):
 garbage-first heap   total 221184K, used 127088K [0x0000000700000000, 0x00000007001006c0, 0x00000007c0000000)
  region size 1024K, 60 young (61440K), 1 survivors (1024K)
 Metaspace       used 83593K, capacity 89637K, committed 89776K, reserved 1126400K
  class space    used 11380K, capacity 12433K, committed 12464K, reserved 1048576K
}
Event: 559.275 GC heap after
{Heap after GC invocations=272 (full 92):
 garbage-first heap   total 221184K, used 66671K [0x0000000700000000, 0x00000007001006c0, 0x00000007c0000000)
  region size 1024K, 1 young (1024K), 1 survivors (1024K)
 Metaspace       used 83593K, capacity 89637K, committed 89776K, reserved 1126400K
  class space    used 11380K, capacity 12433K, committed 12464K, reserved 1048576K
}
Event: 560.453 GC heap before
{Heap before GC invocations=272 (full 92):
 garbage-first heap   total 221184K, used 127087K [0x0000000700000000, 0x00000007001006c0, 0x00000007c0000000)
  region size 1024K, 60 young (61440K), 1 survivors (1024K)
 Metaspace       used 83602K, capacity 89637K, committed 89776K, reserved 1126400K
  class space    used 11380K, capacity 12433K, committed 12464K, reserved 1048576K
}
Event: 560.455 GC heap after
{Heap after GC invocations=273 (full 92):
 garbage-first heap   total 221184K, used 66833K [0x0000000700000000, 0x00000007001006c0, 0x00000007c0000000)
  region size 1024K, 1 young (1024K), 1 survivors (1024K)
 Metaspace       used 83602K, capacity 89637K, committed 89776K, reserved 1126400K
  class space    used 11380K, capacity 12433K, committed 12464K, reserved 1048576K
}
Event: 561.679 GC heap before
{Heap before GC invocations=273 (full 92):
 garbage-first heap   total 221184K, used 127249K [0x0000000700000000, 0x00000007001006c0, 0x00000007c0000000)
  region size 1024K, 60 young (61440K), 1 survivors (1024K)
 Metaspace       used 83609K, capacity 89637K, committed 89776K, reserved 1126400K
  class space    used 11380K, capacity 12433K, committed 12464K, reserved 1048576K
}
Event: 561.681 GC heap after
{Heap after GC invocations=274 (full 92):
 garbage-first heap   total 221184K, used 66950K [0x0000000700000000, 0x00000007001006c0, 0x00000007c0000000)
  region size 1024K, 1 young (1024K), 1 survivors (1024K)
 Metaspace       used 83609K, capacity 89637K, committed 89776K, reserved 1126400K
  class space    used 11380K, capacity 12433K, committed 12464K, reserved 1048576K
}

